<?xml version="1.0" encoding="UTF-8"?>
<testsuite name="com.lacodigoneta.elbuensabor.ElBuenSaborApplicationTests" tests="1" skipped="0" failures="0" errors="0" timestamp="2023-06-23T17:42:53" hostname="DESKTOP-UP92JEI" time="0.446">
  <properties/>
  <testcase name="contextLoads()" classname="com.lacodigoneta.elbuensabor.ElBuenSaborApplicationTests" time="0.446"/>
  <system-out><![CDATA[14:42:19.308 [Test worker] DEBUG org.springframework.boot.test.context.SpringBootTestContextBootstrapper -- Neither @ContextConfiguration nor @ContextHierarchy found for test class [ElBuenSaborApplicationTests]: using SpringBootContextLoader
14:42:19.321 [Test worker] DEBUG org.springframework.test.context.support.AbstractContextLoader -- Could not detect default resource locations for test class [com.lacodigoneta.elbuensabor.ElBuenSaborApplicationTests]: no resource found for suffixes {-context.xml, Context.groovy}.
14:42:19.323 [Test worker] INFO org.springframework.test.context.support.AnnotationConfigContextLoaderUtils -- Could not detect default configuration classes for test class [com.lacodigoneta.elbuensabor.ElBuenSaborApplicationTests]: ElBuenSaborApplicationTests does not declare any static, non-private, non-final, nested classes annotated with @Configuration.
14:42:19.377 [Test worker] DEBUG org.springframework.boot.test.context.SpringBootTestContextBootstrapper -- Using ContextCustomizers for test class [ElBuenSaborApplicationTests]: [DisableObservabilityContextCustomizer, PropertyMappingContextCustomizer, Customizer, ExcludeFilterContextCustomizer, DuplicateJsonObjectContextCustomizer, MockitoContextCustomizer, TestRestTemplateContextCustomizer]
14:42:19.638 [Test worker] DEBUG org.springframework.context.annotation.ClassPathScanningCandidateComponentProvider -- Identified candidate component class: file [C:\Users\renzo\Desktop\El Buen Sabor\El-Buen-Sabor-Backend\build\classes\java\main\com\lacodigoneta\elbuensabor\ElBuenSaborApplication.class]
14:42:19.641 [Test worker] INFO org.springframework.boot.test.context.SpringBootTestContextBootstrapper -- Found @SpringBootConfiguration com.lacodigoneta.elbuensabor.ElBuenSaborApplication for test class com.lacodigoneta.elbuensabor.ElBuenSaborApplicationTests
14:42:20.013 [Test worker] DEBUG org.springframework.boot.test.context.SpringBootTestContextBootstrapper -- Using TestExecutionListeners for test class [ElBuenSaborApplicationTests]: [ServletTestExecutionListener, DirtiesContextBeforeModesTestExecutionListener, ApplicationEventsTestExecutionListener, MockitoTestExecutionListener, DependencyInjectionTestExecutionListener, DirtiesContextTestExecutionListener, TransactionalTestExecutionListener, SqlScriptsTestExecutionListener, WithSecurityContextTestExecutionListener, EventPublishingTestExecutionListener, ReactorContextTestExecutionListener, RestDocsTestExecutionListener, MockRestServiceServerResetTestExecutionListener, MockMvcPrintOnlyOnFailureTestExecutionListener, WebDriverTestExecutionListener, MockWebServiceServerTestExecutionListener, ResetMocksTestExecutionListener]
14:42:20.018 [Test worker] DEBUG org.springframework.test.context.support.AbstractDirtiesContextTestExecutionListener -- Before test class: class [ElBuenSaborApplicationTests], class annotated with @DirtiesContext [false] with mode [null]

  .   ____          _            __ _ _
 /\\ / ___'_ __ _ _(_)_ __  __ _ \ \ \ \
( ( )\___ | '_ | '_| | '_ \/ _` | \ \ \ \
 \\/  ___)| |_)| | | | | || (_| |  ) ) ) )
  '  |____| .__|_| |_|_| |_\__, | / / / /
 =========|_|==============|___/=/_/_/_/
 :: Spring Boot ::                (v3.0.6)

2023-06-23T14:42:20.999-03:00  INFO 2276 --- [    Test worker] c.l.e.ElBuenSaborApplicationTests        : Starting ElBuenSaborApplicationTests using Java 17.0.5 with PID 2276 (started by renzo in C:\Users\renzo\Desktop\El Buen Sabor\El-Buen-Sabor-Backend)
2023-06-23T14:42:21.003-03:00  INFO 2276 --- [    Test worker] c.l.e.ElBuenSaborApplicationTests        : No active profile set, falling back to 1 default profile: "default"
2023-06-23T14:42:23.444-03:00  INFO 2276 --- [    Test worker] .s.d.r.c.RepositoryConfigurationDelegate : Bootstrapping Spring Data JPA repositories in DEFAULT mode.
2023-06-23T14:42:23.769-03:00  INFO 2276 --- [    Test worker] .s.d.r.c.RepositoryConfigurationDelegate : Finished Spring Data repository scanning in 308 ms. Found 16 JPA repository interfaces.
2023-06-23T14:42:25.358-03:00  INFO 2276 --- [    Test worker] o.hibernate.jpa.internal.util.LogHelper  : HHH000204: Processing PersistenceUnitInfo [name: default]
2023-06-23T14:42:25.541-03:00  INFO 2276 --- [    Test worker] org.hibernate.Version                    : HHH000412: Hibernate ORM core version 6.1.7.Final
2023-06-23T14:42:26.544-03:00  INFO 2276 --- [    Test worker] com.zaxxer.hikari.HikariDataSource       : HikariPool-1 - Starting...
2023-06-23T14:42:29.106-03:00  INFO 2276 --- [    Test worker] com.zaxxer.hikari.pool.HikariPool        : HikariPool-1 - Added connection com.mysql.cj.jdbc.ConnectionImpl@1df06ecd
2023-06-23T14:42:29.111-03:00  INFO 2276 --- [    Test worker] com.zaxxer.hikari.HikariDataSource       : HikariPool-1 - Start completed.
2023-06-23T14:42:29.617-03:00  INFO 2276 --- [    Test worker] SQL dialect                              : HHH000400: Using dialect: org.hibernate.dialect.MySQLDialect
2023-06-23T14:42:43.234-03:00  INFO 2276 --- [    Test worker] o.h.e.t.j.p.i.JtaPlatformInitiator       : HHH000490: Using JtaPlatform implementation: [org.hibernate.engine.transaction.jta.platform.internal.NoJtaPlatform]
2023-06-23T14:42:43.248-03:00  INFO 2276 --- [    Test worker] j.LocalContainerEntityManagerFactoryBean : Initialized JPA EntityManagerFactory for persistence unit 'default'
2023-06-23T14:42:44.775-03:00  WARN 2276 --- [    Test worker] JpaBaseConfiguration$JpaWebConfiguration : spring.jpa.open-in-view is enabled by default. Therefore, database queries may be performed during view rendering. Explicitly configure spring.jpa.open-in-view to disable this warning
2023-06-23T14:42:51.940-03:00  INFO 2276 --- [    Test worker] o.s.s.web.DefaultSecurityFilterChain     : Will secure any request with [org.springframework.security.web.session.DisableEncodeUrlFilter@289fff3c, org.springframework.security.web.context.request.async.WebAsyncManagerIntegrationFilter@6872201, org.springframework.security.web.context.SecurityContextHolderFilter@59a49dbc, org.springframework.security.web.header.HeaderWriterFilter@3df473e8, org.springframework.web.filter.CorsFilter@669ae205, org.springframework.security.web.authentication.logout.LogoutFilter@13553828, com.lacodigoneta.elbuensabor.config.JwtAuthenticationFilter@7c08461b, org.springframework.security.web.savedrequest.RequestCacheAwareFilter@2b0df4ba, org.springframework.security.web.servletapi.SecurityContextHolderAwareRequestFilter@6f647464, org.springframework.security.web.authentication.AnonymousAuthenticationFilter@19984625, org.springframework.security.web.session.SessionManagementFilter@156b31d, org.springframework.security.web.access.ExceptionTranslationFilter@a05727b, org.springframework.security.web.access.intercept.AuthorizationFilter@2940eec0]
2023-06-23T14:42:53.527-03:00  INFO 2276 --- [    Test worker] c.l.e.ElBuenSaborApplicationTests        : Started ElBuenSaborApplicationTests in 33.364 seconds (process running for 37.182)
]]></system-out>
  <system-err><![CDATA[]]></system-err>
</testsuite>
